<?xml version="1.0" encoding="UTF-8"?>
<!-- Generated by org.testng.reporters.JUnitReportReporter -->
<testsuite hostname="SatheeshkumarJ" failures="0" tests="4" name="com.Testngworking.Grouping" time="0.059" errors="0" timestamp="10 Nov 2021 12:18:09 GMT" skipped="0">
  <testcase classname="com.Testngworking.Grouping" name="oppo2" time="0.008"/>
  <testcase classname="com.Testngworking.Grouping" name="oppo1" time="0.034"/>
  <testcase classname="com.Testngworking.Grouping" name="vivo1" time="0.009"/>
  <testcase classname="com.Testngworking.Grouping" name="vivo2" time="0.008"/>
</testsuite> <!-- com.Testngworking.Grouping -->
