<?xml version="1.0" encoding="UTF-8"?>
<!-- Generated by org.testng.reporters.JUnitReportReporter -->
<testsuite hostname="SatheeshkumarJ" failures="0" tests="1" name="com.Testngworking.parameter" time="0.040" errors="0" timestamp="10 Nov 2021 15:37:32 GMT" skipped="0">
  <testcase classname="com.Testngworking.parameter" name="printname" time="0.040"/>
</testsuite> <!-- com.Testngworking.parameter -->
