<?xml version="1.0" encoding="UTF-8"?>
<!-- Generated by org.testng.reporters.JUnitReportReporter -->
<testsuite hostname="SatheeshkumarJ" failures="0" tests="3" name="com.Testngworking.Enabled_testng" time="0.040" errors="0" timestamp="10 Nov 2021 18:02:21 GMT" skipped="0">
  <testcase classname="com.Testngworking.Enabled_testng" name="eng" time="0.004"/>
  <testcase classname="com.Testngworking.Enabled_testng" name="highschool" time="0.031"/>
  <testcase classname="com.Testngworking.Enabled_testng" name="highersec" time="0.005"/>
</testsuite> <!-- com.Testngworking.Enabled_testng -->
