<?xml version="1.0" encoding="UTF-8"?>
<!-- Generated by org.testng.reporters.JUnitReportReporter -->
<testsuite hostname="SatheeshkumarJ" failures="0" tests="1" name="Datadriven.Bothincorrect" time="14.809" errors="0" timestamp="16 Nov 2021 06:31:09 GMT" skipped="0">
  <testcase classname="Datadriven.Bothincorrect" name="loginwithbothincorrect" time="14.809"/>
</testsuite> <!-- Datadriven.Bothincorrect -->
