<?xml version="1.0" encoding="UTF-8"?>
<!-- Generated by org.testng.reporters.JUnitReportReporter -->
<testsuite hostname="SatheeshkumarJ" failures="0" tests="4" name="com.Testngworking.TestNG_working" time="0.015" errors="0" timestamp="10 Nov 2021 11:45:40 GMT" skipped="1">
  <testcase classname="com.Testngworking.TestNG_working" name="test3" time="0.006"/>
  <testcase classname="com.Testngworking.TestNG_working" name="test1" time="0.005"/>
  <testcase classname="com.Testngworking.TestNG_working" name="test2" time="0.004"/>
  <testcase classname="com.Testngworking.TestNG_working" name="test4">
    <skipped/>
  </testcase> <!-- test4 -->
</testsuite> <!-- com.Testngworking.TestNG_working -->
