<?xml version="1.0" encoding="UTF-8"?>
<!-- Generated by org.testng.reporters.JUnitReportReporter -->
<testsuite hostname="SatheeshkumarJ" failures="0" tests="3" name="app.testNG.dependson" time="0.054" errors="0" timestamp="06 Nov 2021 10:36:08 GMT" skipped="0">
  <testcase classname="app.testNG.dependson" name="eng" time="0.008"/>
  <testcase classname="app.testNG.dependson" name="highersec" time="0.008"/>
  <testcase classname="app.testNG.dependson" name="highschool" time="0.038"/>
</testsuite> <!-- app.testNG.dependson -->
