<?xml version="1.0" encoding="UTF-8"?>
<!-- Generated by org.testng.reporters.JUnitReportReporter -->
<testsuite hostname="SatheeshkumarJ" failures="0" tests="2" name="com.Testngworking.NewTest" time="0.040" errors="0" timestamp="10 Nov 2021 17:18:51 GMT" skipped="0">
  <testcase classname="com.Testngworking.NewTest" name="test1" time="0.016"/>
  <testcase classname="com.Testngworking.NewTest" name="test" time="0.024"/>
</testsuite> <!-- com.Testngworking.NewTest -->
