<?xml version="1.0" encoding="UTF-8"?>
<!-- Generated by org.testng.reporters.JUnitReportReporter -->
<testsuite hostname="SatheeshkumarJ" failures="0" tests="3" name="com.Testngworking.TestNG1" time="0.124" errors="0" timestamp="30 Oct 2021 14:57:09 GMT" skipped="0">
  <testcase classname="com.Testngworking.TestNG1" name="username" time="0.090"/>
  <testcase classname="com.Testngworking.TestNG1" name="password" time="0.011"/>
  <testcase classname="com.Testngworking.TestNG1" name="Clickbutton" time="0.023"/>
</testsuite> <!-- com.Testngworking.TestNG1 -->
